<?xml version="1.0" encoding="UTF-8"?>
<testng-results ignored="0" total="1" passed="1" failed="0" skipped="0">
  <reporter-output>
  </reporter-output>
  <suite started-at="2022-06-18T17:24:11 IST" name="Default suite" finished-at="2022-06-18T17:28:03 IST" duration-ms="232068">
    <groups>
    </groups>
    <test started-at="2022-06-18T17:24:11 IST" name="Default test" finished-at="2022-06-18T17:28:03 IST" duration-ms="232068">
      <class name="com.azuretesting.scripts.wesitetest">
        <test-method is-config="true" signature="onSetup()[pri:0, instance:com.azuretesting.scripts.wesitetest@437da279]" started-at="2022-06-18T17:24:11 IST" name="onSetup" finished-at="2022-06-18T17:27:08 IST" duration-ms="177018" status="PASS">
          <reporter-output>
          </reporter-output>
        </test-method> <!-- onSetup -->
        <test-method signature="verifycheckbox()[pri:4, instance:com.azuretesting.scripts.wesitetest@437da279]" started-at="2022-06-18T17:27:08 IST" name="verifycheckbox" finished-at="2022-06-18T17:28:03 IST" duration-ms="54519" status="PASS">
          <reporter-output>
          </reporter-output>
        </test-method> <!-- verifycheckbox -->
      </class> <!-- com.azuretesting.scripts.wesitetest -->
    </test> <!-- Default test -->
  </suite> <!-- Default suite -->
</testng-results>
